<?xml version="1.0" encoding="UTF-8"?>
<!-- Generated by org.testng.reporters.JUnitXMLReporter -->
<testsuite ignored="0" hostname="LAPTOP-OJ1FS8O8" failures="1" tests="3" name="Error Validations Test" time="36.487" errors="0" timestamp="2024-05-12T16:06:57 CEST">
  <testcase classname="Tests.ErrorValidationsTest" name="LoginErrorValidation" time="1.521">
    <skipped/>
  </testcase> <!-- LoginErrorValidation -->
  <testcase classname="Tests.ErrorValidationsTest" name="LoginErrorValidation" time="3.819">
    <failure type="java.lang.AssertionError" message="expected [Login Successfully] but found [Incorrect email or password.]">
      <![CDATA[java.lang.AssertionError: expected [Login Successfully] but found [Incorrect email or password.]
at Tests.ErrorValidationsTest.LoginErrorValidation(ErrorValidationsTest.java:36)
at java.base/java.util.ArrayList.forEach(ArrayList.java:1511)
at java.base/java.util.concurrent.FutureTask.run(FutureTask.java:264)
at java.base/java.util.concurrent.ThreadPoolExecutor.runWorker(ThreadPoolExecutor.java:1136)
at java.base/java.util.concurrent.ThreadPoolExecutor$Worker.run(ThreadPoolExecutor.java:635)
at java.base/java.lang.Thread.run(Thread.java:833)
... Removed 23 stack frames]]>
    </failure>
  </testcase> <!-- LoginErrorValidation -->
  <testcase classname="Tests.ErrorValidationsTest" name="ProductErrorValidation" time="8.352"/>
</testsuite> <!-- Error Validations Test -->
